<?xml version="1.0" encoding="UTF-8"?>
<testng-results skipped="0" failed="0" ignored="0" total="1" passed="1">
  <reporter-output>
  </reporter-output>
  <suite name="Default suite" duration-ms="57" started-at="2021-06-23T13:50:05 IST" finished-at="2021-06-23T13:50:05 IST">
    <groups>
    </groups>
    <test name="Default test" duration-ms="57" started-at="2021-06-23T13:50:05 IST" finished-at="2021-06-23T13:50:05 IST">
      <class name="Selenium_Test">
        <test-method status="PASS" signature="method1()[pri:0, instance:Selenium_Test@1d29cf23]" name="method1" duration-ms="10" started-at="2021-06-23T13:50:05 IST" finished-at="2021-06-23T13:50:05 IST">
          <reporter-output>
          </reporter-output>
        </test-method> <!-- method1 -->
      </class> <!-- Selenium_Test -->
    </test> <!-- Default test -->
  </suite> <!-- Default suite -->
</testng-results>
